Build started 26/06/2018 17:16:10.
     1>Project "C:\Users\Kayin\Documents\Visual Studio 2013\Projects\Project4\Project2\Project2.vcxproj" on node 2 (Build target(s)).
     1>C:\Program Files (x86)\MSBuild\Microsoft.Cpp\v4.0\V120\Microsoft.CppBuild.targets(388,5): warning MSB8028: The intermediate directory (Debug\) contains files shared from another project (Project2.vcxproj).  This can lead to incorrect clean and rebuild behavior.
     1>ClCompile:
         C:\Program Files (x86)\Microsoft Visual Studio 12.0\VC\bin\CL.exe /c /ZI /nologo /W3 /WX- /sdl /Od /Oy- /D _MBCS /Gm /EHsc /RTC1 /MDd /GS /fp:precise /Zc:wchar_t /Zc:forScope /Fo"Debug\\" /Fd"Debug\vc120.pdb" /Gd /TP /analyze- /errorReport:prompt Source.cpp
         Source.cpp
     1>c:\users\kayin\documents\visual studio 2013\projects\project4\project2\source.cpp(128): warning C4244: '=' : conversion from 'double' to 'int', possible loss of data
     1>c:\users\kayin\documents\visual studio 2013\projects\project4\project2\source.cpp(148): warning C4244: '=' : conversion from 'double' to 'int', possible loss of data
     1>c:\users\kayin\documents\visual studio 2013\projects\project4\project2\source.cpp(161): warning C4244: '=' : conversion from 'double' to 'int', possible loss of data
     1>c:\users\kayin\documents\visual studio 2013\projects\project4\project2\source.cpp(170): warning C4244: '=' : conversion from 'double' to 'int', possible loss of data
     1>c:\users\kayin\documents\visual studio 2013\projects\project4\project2\source.cpp(180): warning C4244: '=' : conversion from 'double' to 'int', possible loss of data
     1>c:\users\kayin\documents\visual studio 2013\projects\project4\project2\source.cpp(191): warning C4244: '=' : conversion from 'double' to 'int', possible loss of data
     1>c:\users\kayin\documents\visual studio 2013\projects\project4\project2\source.cpp(201): warning C4244: '=' : conversion from 'double' to 'int', possible loss of data
     1>c:\users\kayin\documents\visual studio 2013\projects\project4\project2\source.cpp(211): warning C4244: '=' : conversion from 'double' to 'int', possible loss of data
     1>c:\users\kayin\documents\visual studio 2013\projects\project4\project2\source.cpp(221): warning C4244: '=' : conversion from 'double' to 'int', possible loss of data
     1>c:\users\kayin\documents\visual studio 2013\projects\project4\project2\source.cpp(402): warning C4715: 'move_kitchen' : not all control paths return a value
       Link:
         C:\Program Files (x86)\Microsoft Visual Studio 12.0\VC\bin\link.exe /ERRORREPORT:PROMPT /OUT:"C:\Users\Kayin\Documents\Visual Studio 2013\Projects\Project4\Debug\Diagonal.exe" /INCREMENTAL /NOLOGO kernel32.lib user32.lib gdi32.lib winspool.lib comdlg32.lib advapi32.lib shell32.lib ole32.lib oleaut32.lib uuid.lib odbc32.lib odbccp32.lib /MANIFEST /MANIFESTUAC:"level='asInvoker' uiAccess='false'" /manifest:embed /DEBUG /PDB:"C:\Users\Kayin\Documents\Visual Studio 2013\Projects\Project4\Debug\Diagonal.pdb" /SUBSYSTEM:CONSOLE /TLBID:1 /DYNAMICBASE /NXCOMPAT /IMPLIB:"C:\Users\Kayin\Documents\Visual Studio 2013\Projects\Project4\Debug\Diagonal.lib" /MACHINE:X86 Debug\bed.obj
         Debug\carrier.obj
         Debug\Source.obj
         Project2.vcxproj -> C:\Users\Kayin\Documents\Visual Studio 2013\Projects\Project4\Debug\Diagonal.exe
     1>Done Building Project "C:\Users\Kayin\Documents\Visual Studio 2013\Projects\Project4\Project2\Project2.vcxproj" (Build target(s)).

Build succeeded.

Time Elapsed 00:00:01.43
